<?xml version="1.0" encoding="UTF-8"?>
<testng-results skipped="0" failed="0" total="0" passed="0">
  <reporter-output>
  </reporter-output>
  <suite name="stepdefinitions.RunCukesTest" duration-ms="5" started-at="2017-06-05T12:21:38Z" finished-at="2017-06-05T12:21:38Z">
    <groups>
    </groups>
    <test name="Command line test" duration-ms="5" started-at="2017-06-05T12:21:38Z" finished-at="2017-06-05T12:21:38Z">
    </test> <!-- Command line test -->
  </suite> <!-- stepdefinitions.RunCukesTest -->
</testng-results>
